<html>
<head>
<META HTTP-EQUIV="Content-Type" content="text/html; charset=Windows-1252">
</head>
<body>
<pre>
<table width=100% bgcolor=#CFCFE5><tr> <td> <font face=arial size=+3>
Build Log
</font></table><table width=* cellspacing=0 cellpadding=0><tr><td width=0 bgcolor=#EDEDF5>&nbsp;</td><td width=0 bgcolor=#FFFFFF>&nbsp;</td><td width=*><pre>
<h3>------- Build started: Project: _sqlite3, Configuration: Debug|Win32 -------
</h3>
</pre></table><table width=100% bgcolor=#DFDFE5><tr><td><font face=arial size=+2>
Command Lines
</font></table><table width=* cellspacing=0 cellpadding=0><tr><td width=0 bgcolor=#EDEDF5>&nbsp;</td><td width=0 bgcolor=#FFFFFF>&nbsp;</td><td width=*><pre>Creating temporary file "c:\Documents and Settings\samicrusader\Desktop\Python-2.7.18\Pc\Vs7.1\x86-temp-debug\_sqlite3\RSP00001E.rsp" with contents
[
/Od /I "..\..\Include" /I "..\..\PC" /I "..\..\..\sqlite-source-3.3.4" /D "Py_BUILD_CORE_MODULE" /D "_DEBUG" /D "WIN32" /D "_WINDOWS" /D "MODULE_NAME=\"sqlite3\"" /D "_WINDLL" /FD /EHsc /MDd /GS /YX"stdafx.h" /Fp".\x86-temp-debug\_sqlite3/_sqlite3_d.pch" /Fo".\x86-temp-debug\_sqlite3/" /Fd".\x86-temp-debug\_sqlite3/vc70.pdb" /W3 /c /Zi
"\Documents and Settings\samicrusader\Desktop\Python-2.7.18\Modules\_sqlite\util.c"
"\Documents and Settings\samicrusader\Desktop\Python-2.7.18\Modules\_sqlite\statement.c"
"\Documents and Settings\samicrusader\Desktop\Python-2.7.18\Modules\_sqlite\row.c"
"\Documents and Settings\samicrusader\Desktop\Python-2.7.18\Modules\_sqlite\prepare_protocol.c"
"\Documents and Settings\samicrusader\Desktop\Python-2.7.18\Modules\_sqlite\module.c"
"\Documents and Settings\samicrusader\Desktop\Python-2.7.18\Modules\_sqlite\microprotocols.c"
"\Documents and Settings\samicrusader\Desktop\Python-2.7.18\Modules\_sqlite\cursor.c"
"\Documents and Settings\samicrusader\Desktop\Python-2.7.18\Modules\_sqlite\connection.c"
"\Documents and Settings\samicrusader\Desktop\Python-2.7.18\Modules\_sqlite\cache.c"
]
Creating command line "cl.exe @"c:\Documents and Settings\samicrusader\Desktop\Python-2.7.18\Pc\Vs7.1\x86-temp-debug\_sqlite3\RSP00001E.rsp" /nologo"
</pre></table><table width=100% bgcolor=#DFDFE5><tr><td><font face=arial size=+2>
Output Window
</font></table><table width=* cellspacing=0 cellpadding=0><tr><td width=0 bgcolor=#EDEDF5>&nbsp;</td><td width=0 bgcolor=#FFFFFF>&nbsp;</td><td width=*><pre>Compiling...
util.c
c:\Documents and Settings\samicrusader\Desktop\Python-2.7.18\Modules\_sqlite\connection.h(33) : fatal error C1083: Cannot open include file: 'sqlite3.h': No such file or directory
statement.c
c:\Documents and Settings\samicrusader\Desktop\Python-2.7.18\Modules\_sqlite\connection.h(33) : fatal error C1083: Cannot open include file: 'sqlite3.h': No such file or directory
row.c
c:\Documents and Settings\samicrusader\Desktop\Python-2.7.18\Modules\_sqlite\connection.h(33) : fatal error C1083: Cannot open include file: 'sqlite3.h': No such file or directory
prepare_protocol.c
module.c
c:\Documents and Settings\samicrusader\Desktop\Python-2.7.18\Modules\_sqlite\connection.h(33) : fatal error C1083: Cannot open include file: 'sqlite3.h': No such file or directory
microprotocols.c
c:\Documents and Settings\samicrusader\Desktop\Python-2.7.18\Modules\_sqlite\connection.h(33) : fatal error C1083: Cannot open include file: 'sqlite3.h': No such file or directory
cursor.c
c:\Documents and Settings\samicrusader\Desktop\Python-2.7.18\Modules\_sqlite\connection.h(33) : fatal error C1083: Cannot open include file: 'sqlite3.h': No such file or directory
connection.c
c:\Documents and Settings\samicrusader\Desktop\Python-2.7.18\Modules\_sqlite\connection.h(33) : fatal error C1083: Cannot open include file: 'sqlite3.h': No such file or directory
cache.c
</pre></table><table width=100% bgcolor=#DFDFE5><tr><td><font face=arial size=+2>
Results
</font></table><table width=* cellspacing=0 cellpadding=0><tr><td width=0 bgcolor=#EDEDF5>&nbsp;</td><td width=0 bgcolor=#FFFFFF>&nbsp;</td><td width=*><pre>
Build log was saved at "file://c:\Documents and Settings\samicrusader\Desktop\Python-2.7.18\Pc\Vs7.1\x86-temp-debug\_sqlite3\BuildLog.htm"
_sqlite3 - 7 error(s), 0 warning(s)</pre></table><table   width=100% height=20 bgcolor=#CFCFE5><tr><td><font face=arial size=+2>
</font></table></body></html>